c:\users\migel mata\desktop\gbc id 101314253\game3111 advanced graphics programming\directx\game3111\game3111-a2\solution\x64\debug\vc143.pdb
c:\users\migel mata\desktop\gbc id 101314253\game3111 advanced graphics programming\directx\game3111\game3111-a2\solution\x64\debug\vc143.idb
c:\users\migel mata\desktop\gbc id 101314253\game3111 advanced graphics programming\directx\game3111\game3111-a2\solution\x64\debug\week7-2-treebillboardsapp.obj
c:\users\migel mata\desktop\gbc id 101314253\game3111 advanced graphics programming\directx\game3111\game3111-a2\solution\x64\debug\waves.obj
c:\users\migel mata\desktop\gbc id 101314253\game3111 advanced graphics programming\directx\game3111\game3111-a2\solution\x64\debug\frameresource.obj
c:\users\migel mata\desktop\gbc id 101314253\game3111 advanced graphics programming\directx\game3111\game3111-a2\solution\x64\debug\mathhelper.obj
c:\users\migel mata\desktop\gbc id 101314253\game3111 advanced graphics programming\directx\game3111\game3111-a2\solution\x64\debug\geometrygenerator.obj
c:\users\migel mata\desktop\gbc id 101314253\game3111 advanced graphics programming\directx\game3111\game3111-a2\solution\x64\debug\gametimer.obj
c:\users\migel mata\desktop\gbc id 101314253\game3111 advanced graphics programming\directx\game3111\game3111-a2\solution\x64\debug\ddstextureloader.obj
c:\users\migel mata\desktop\gbc id 101314253\game3111 advanced graphics programming\directx\game3111\game3111-a2\solution\x64\debug\d3dutil.obj
c:\users\migel mata\desktop\gbc id 101314253\game3111 advanced graphics programming\directx\game3111\game3111-a2\solution\x64\debug\d3dapp.obj
c:\users\migel mata\desktop\gbc id 101314253\game3111 advanced graphics programming\directx\game3111\game3111-a2\solution\x64\debug\camera.obj
c:\users\migel mata\desktop\gbc id 101314253\game3111 advanced graphics programming\directx\game3111\game3111-a2\x64\debug\project.exe
c:\users\migel mata\desktop\gbc id 101314253\game3111 advanced graphics programming\directx\game3111\game3111-a2\solution\x64\debug\project.ilk
c:\users\migel mata\desktop\gbc id 101314253\game3111 advanced graphics programming\directx\game3111\game3111-a2\x64\debug\project.pdb
c:\users\migel mata\desktop\gbc id 101314253\game3111 advanced graphics programming\directx\game3111\game3111-a2\solution\x64\debug\project.tlog\cl.command.1.tlog
c:\users\migel mata\desktop\gbc id 101314253\game3111 advanced graphics programming\directx\game3111\game3111-a2\solution\x64\debug\project.tlog\cl.read.1.tlog
c:\users\migel mata\desktop\gbc id 101314253\game3111 advanced graphics programming\directx\game3111\game3111-a2\solution\x64\debug\project.tlog\cl.write.1.tlog
c:\users\migel mata\desktop\gbc id 101314253\game3111 advanced graphics programming\directx\game3111\game3111-a2\solution\x64\debug\project.tlog\link.command.1.tlog
c:\users\migel mata\desktop\gbc id 101314253\game3111 advanced graphics programming\directx\game3111\game3111-a2\solution\x64\debug\project.tlog\link.read.1.tlog
c:\users\migel mata\desktop\gbc id 101314253\game3111 advanced graphics programming\directx\game3111\game3111-a2\solution\x64\debug\project.tlog\link.write.1.tlog
